build/outputs/logs/manifest-merger-debug-report.txt
-- Merging decision tree log ---
manifest
ADDED from download\openIMDemo_src_1.9.7.2\AndroidManifest.xml:2:1-218:12
	package
		ADDED from download\openIMDemo_src_1.9.7.2\AndroidManifest.xml:4:5-39
	android:versionName
		ADDED from download\openIMDemo_src_1.9.7.2\AndroidManifest.xml:6:5-30
	xmlns:tools
		ADDED from download\openIMDemo_src_1.9.7.2\AndroidManifest.xml:3:5-51
	android:versionCode
		ADDED from download\openIMDemo_src_1.9.7.2\AndroidManifest.xml:5:5-28
		INJECTED from download\openIMDemo_src_1.9.7.2\AndroidManifest.xml
		INJECTED from download\openIMDemo_src_1.9.7.2\AndroidManifest.xml
	xmlns:android
		ADDED from download\openIMDemo_src_1.9.7.2\AndroidManifest.xml:2:11-69
uses-sdk
ADDED from download\openIMDemo_src_1.9.7.2\AndroidManifest.xml:8:5-44
MERGED from [com.android.support:multidex:1.0.1] AndroidManifest.xml:18:5-42
	android:minSdkVersion
		ADDED from download\openIMDemo_src_1.9.7.2\AndroidManifest.xml:8:15-41
uses-permission#android.permission.WRITE_EXTERNAL_STORAGE
ADDED from download\openIMDemo_src_1.9.7.2\AndroidManifest.xml:10:5-81
	android:name
		ADDED from download\openIMDemo_src_1.9.7.2\AndroidManifest.xml:10:22-78
uses-permission#android.permission.ACCESS_NETWORK_STATE
ADDED from download\openIMDemo_src_1.9.7.2\AndroidManifest.xml:11:5-79
	android:name
		ADDED from download\openIMDemo_src_1.9.7.2\AndroidManifest.xml:11:22-76
uses-permission#android.permission.ACCESS_WIFI_STATE
ADDED from download\openIMDemo_src_1.9.7.2\AndroidManifest.xml:12:5-76
	android:name
		ADDED from download\openIMDemo_src_1.9.7.2\AndroidManifest.xml:12:22-73
uses-permission#android.permission.READ_PHONE_STATE
ADDED from download\openIMDemo_src_1.9.7.2\AndroidManifest.xml:13:5-75
	android:name
		ADDED from download\openIMDemo_src_1.9.7.2\AndroidManifest.xml:13:22-72
uses-permission#android.permission.READ_SETTINGS
ADDED from download\openIMDemo_src_1.9.7.2\AndroidManifest.xml:14:5-72
	android:name
		ADDED from download\openIMDemo_src_1.9.7.2\AndroidManifest.xml:14:22-69
uses-permission#android.permission.WRITE_SETTINGS
ADDED from download\openIMDemo_src_1.9.7.2\AndroidManifest.xml:15:5-73
	android:name
		ADDED from download\openIMDemo_src_1.9.7.2\AndroidManifest.xml:15:22-70
uses-permission#android.permission.INTERNET
ADDED from download\openIMDemo_src_1.9.7.2\AndroidManifest.xml:16:5-67
	android:name
		ADDED from download\openIMDemo_src_1.9.7.2\AndroidManifest.xml:16:22-64
uses-permission#android.permission.READ_EXTERNAL_STORAGE
ADDED from download\openIMDemo_src_1.9.7.2\AndroidManifest.xml:17:5-80
	android:name
		ADDED from download\openIMDemo_src_1.9.7.2\AndroidManifest.xml:17:22-77
uses-permission#android.permission.GET_TASKS
ADDED from download\openIMDemo_src_1.9.7.2\AndroidManifest.xml:18:5-68
	android:name
		ADDED from download\openIMDemo_src_1.9.7.2\AndroidManifest.xml:18:22-65
uses-permission#android.permission.RECORD_AUDIO
ADDED from download\openIMDemo_src_1.9.7.2\AndroidManifest.xml:19:5-71
	android:name
		ADDED from download\openIMDemo_src_1.9.7.2\AndroidManifest.xml:19:22-68
uses-permission#android.permission.WAKE_LOCK
ADDED from download\openIMDemo_src_1.9.7.2\AndroidManifest.xml:20:5-68
	android:name
		ADDED from download\openIMDemo_src_1.9.7.2\AndroidManifest.xml:20:22-65
uses-permission#android.permission.MODIFY_AUDIO_SETTINGS
ADDED from download\openIMDemo_src_1.9.7.2\AndroidManifest.xml:21:5-80
	android:name
		ADDED from download\openIMDemo_src_1.9.7.2\AndroidManifest.xml:21:22-77
uses-permission#android.permission.VIBRATE
ADDED from download\openIMDemo_src_1.9.7.2\AndroidManifest.xml:22:5-66
	android:name
		ADDED from download\openIMDemo_src_1.9.7.2\AndroidManifest.xml:22:22-63
uses-permission#android.permission.REQUEST_IGNORE_BATTERY_OPTIMIZATIONS
ADDED from download\openIMDemo_src_1.9.7.2\AndroidManifest.xml:23:5-95
	android:name
		ADDED from download\openIMDemo_src_1.9.7.2\AndroidManifest.xml:23:22-92
application
ADDED from download\openIMDemo_src_1.9.7.2\AndroidManifest.xml:25:5-216:19
	android:label
		ADDED from download\openIMDemo_src_1.9.7.2\AndroidManifest.xml:29:9-41
	android:allowBackup
		ADDED from download\openIMDemo_src_1.9.7.2\AndroidManifest.xml:27:9-35
	android:icon
		ADDED from download\openIMDemo_src_1.9.7.2\AndroidManifest.xml:28:9-42
	android:theme
		ADDED from download\openIMDemo_src_1.9.7.2\AndroidManifest.xml:30:9-40
	tools:replace
		ADDED from download\openIMDemo_src_1.9.7.2\AndroidManifest.xml:31:9-51
	android:name
		ADDED from download\openIMDemo_src_1.9.7.2\AndroidManifest.xml:26:9-64
activity#com.alibaba.mobileim.ui.WxChattingActvity
ADDED from download\openIMDemo_src_1.9.7.2\AndroidManifest.xml:32:9-38:70
	android:screenOrientation
		ADDED from download\openIMDemo_src_1.9.7.2\AndroidManifest.xml:36:13-49
	android:launchMode
		ADDED from download\openIMDemo_src_1.9.7.2\AndroidManifest.xml:35:13-43
	android:windowSoftInputMode
		ADDED from download\openIMDemo_src_1.9.7.2\AndroidManifest.xml:38:13-67
	android:configChanges
		ADDED from download\openIMDemo_src_1.9.7.2\AndroidManifest.xml:34:13-63
	android:theme
		ADDED from download\openIMDemo_src_1.9.7.2\AndroidManifest.xml:37:13-69
	android:name
		ADDED from download\openIMDemo_src_1.9.7.2\AndroidManifest.xml:33:13-69
activity#com.alibaba.mobileim.ui.WxConversationActivity
ADDED from download\openIMDemo_src_1.9.7.2\AndroidManifest.xml:39:9-44:69
	android:screenOrientation
		ADDED from download\openIMDemo_src_1.9.7.2\AndroidManifest.xml:43:13-49
	android:launchMode
		ADDED from download\openIMDemo_src_1.9.7.2\AndroidManifest.xml:42:13-43
	android:configChanges
		ADDED from download\openIMDemo_src_1.9.7.2\AndroidManifest.xml:41:13-63
	android:theme
		ADDED from download\openIMDemo_src_1.9.7.2\AndroidManifest.xml:44:13-66
	android:name
		ADDED from download\openIMDemo_src_1.9.7.2\AndroidManifest.xml:40:13-74
activity#com.alibaba.mobileim.ui.chat.MultiImageActivity
ADDED from download\openIMDemo_src_1.9.7.2\AndroidManifest.xml:45:9-51:55
	android:screenOrientation
		ADDED from download\openIMDemo_src_1.9.7.2\AndroidManifest.xml:49:13-47
	android:hardwareAccelerated
		ADDED from download\openIMDemo_src_1.9.7.2\AndroidManifest.xml:47:13-48
	android:launchMode
		ADDED from download\openIMDemo_src_1.9.7.2\AndroidManifest.xml:48:13-43
	android:windowSoftInputMode
		ADDED from download\openIMDemo_src_1.9.7.2\AndroidManifest.xml:51:13-52
	android:theme
		ADDED from download\openIMDemo_src_1.9.7.2\AndroidManifest.xml:50:13-64
	android:name
		ADDED from download\openIMDemo_src_1.9.7.2\AndroidManifest.xml:46:13-75
activity#com.alibaba.mobileim.ui.multi.lightservice.MultiPickGalleryActivity
ADDED from download\openIMDemo_src_1.9.7.2\AndroidManifest.xml:52:9-56:69
	android:screenOrientation
		ADDED from download\openIMDemo_src_1.9.7.2\AndroidManifest.xml:55:13-49
	android:configChanges
		ADDED from download\openIMDemo_src_1.9.7.2\AndroidManifest.xml:54:13-63
	android:theme
		ADDED from download\openIMDemo_src_1.9.7.2\AndroidManifest.xml:56:13-66
	android:name
		ADDED from download\openIMDemo_src_1.9.7.2\AndroidManifest.xml:53:13-95
service#com.alibaba.mobileim.appmonitor.tiptool.TooltipService
ADDED from download\openIMDemo_src_1.9.7.2\AndroidManifest.xml:58:9-60:40
	android:exported
		ADDED from download\openIMDemo_src_1.9.7.2\AndroidManifest.xml:60:13-37
	android:name
		ADDED from download\openIMDemo_src_1.9.7.2\AndroidManifest.xml:59:13-82
service#com.alibaba.tcms.service.TCMSService
ADDED from download\openIMDemo_src_1.9.7.2\AndroidManifest.xml:61:9-64:46
	android:process
		ADDED from download\openIMDemo_src_1.9.7.2\AndroidManifest.xml:64:13-43
	android:exported
		ADDED from download\openIMDemo_src_1.9.7.2\AndroidManifest.xml:63:13-36
	android:name
		ADDED from download\openIMDemo_src_1.9.7.2\AndroidManifest.xml:62:13-64
service#com.alibaba.tcms.service.ListenerService
ADDED from download\openIMDemo_src_1.9.7.2\AndroidManifest.xml:66:9-68:39
	android:exported
		ADDED from download\openIMDemo_src_1.9.7.2\AndroidManifest.xml:68:13-36
	android:name
		ADDED from download\openIMDemo_src_1.9.7.2\AndroidManifest.xml:67:13-68
activity#com.alibaba.openIMUIDemo.LoginActivity
ADDED from download\openIMDemo_src_1.9.7.2\AndroidManifest.xml:70:9-80:20
	android:screenOrientation
		ADDED from download\openIMDemo_src_1.9.7.2\AndroidManifest.xml:74:13-49
	android:label
		ADDED from download\openIMDemo_src_1.9.7.2\AndroidManifest.xml:73:13-45
	android:configChanges
		ADDED from download\openIMDemo_src_1.9.7.2\AndroidManifest.xml:72:13-74
	android:name
		ADDED from download\openIMDemo_src_1.9.7.2\AndroidManifest.xml:71:13-66
intent-filter#android.intent.action.MAIN+android.intent.category.LAUNCHER
ADDED from download\openIMDemo_src_1.9.7.2\AndroidManifest.xml:75:13-79:29
action#android.intent.action.MAIN
ADDED from download\openIMDemo_src_1.9.7.2\AndroidManifest.xml:76:17-69
	android:name
		ADDED from download\openIMDemo_src_1.9.7.2\AndroidManifest.xml:76:25-66
category#android.intent.category.LAUNCHER
ADDED from download\openIMDemo_src_1.9.7.2\AndroidManifest.xml:78:17-77
	android:name
		ADDED from download\openIMDemo_src_1.9.7.2\AndroidManifest.xml:78:27-74
activity#com.taobao.openimui.demo.FragmentTabs
ADDED from download\openIMDemo_src_1.9.7.2\AndroidManifest.xml:81:9-86:56
	android:screenOrientation
		ADDED from download\openIMDemo_src_1.9.7.2\AndroidManifest.xml:85:13-49
	android:launchMode
		ADDED from download\openIMDemo_src_1.9.7.2\AndroidManifest.xml:84:13-44
	android:configChanges
		ADDED from download\openIMDemo_src_1.9.7.2\AndroidManifest.xml:83:13-63
	android:theme
		ADDED from download\openIMDemo_src_1.9.7.2\AndroidManifest.xml:86:13-53
	android:name
		ADDED from download\openIMDemo_src_1.9.7.2\AndroidManifest.xml:82:13-65
activity#com.taobao.openimui.common.SimpleWebViewActivity
ADDED from download\openIMDemo_src_1.9.7.2\AndroidManifest.xml:87:9-91:51
	android:screenOrientation
		ADDED from download\openIMDemo_src_1.9.7.2\AndroidManifest.xml:90:13-49
	android:configChanges
		ADDED from download\openIMDemo_src_1.9.7.2\AndroidManifest.xml:89:13-63
	android:theme
		ADDED from download\openIMDemo_src_1.9.7.2\AndroidManifest.xml:91:13-48
	android:name
		ADDED from download\openIMDemo_src_1.9.7.2\AndroidManifest.xml:88:13-76
activity#com.taobao.openimui.sample.ChattingFragmentSample
ADDED from download\openIMDemo_src_1.9.7.2\AndroidManifest.xml:92:9-96:70
	android:screenOrientation
		ADDED from download\openIMDemo_src_1.9.7.2\AndroidManifest.xml:95:13-49
	android:windowSoftInputMode
		ADDED from download\openIMDemo_src_1.9.7.2\AndroidManifest.xml:96:13-67
	android:configChanges
		ADDED from download\openIMDemo_src_1.9.7.2\AndroidManifest.xml:94:13-63
	android:name
		ADDED from download\openIMDemo_src_1.9.7.2\AndroidManifest.xml:93:13-77
activity#com.taobao.openimui.sample.ExpandableContactsActivitySample
ADDED from download\openIMDemo_src_1.9.7.2\AndroidManifest.xml:97:9-101:69
	android:screenOrientation
		ADDED from download\openIMDemo_src_1.9.7.2\AndroidManifest.xml:100:13-49
	android:configChanges
		ADDED from download\openIMDemo_src_1.9.7.2\AndroidManifest.xml:99:13-63
	android:theme
		ADDED from download\openIMDemo_src_1.9.7.2\AndroidManifest.xml:101:13-66
	android:name
		ADDED from download\openIMDemo_src_1.9.7.2\AndroidManifest.xml:98:13-87
activity#com.taobao.openimui.test.MultiAccountTestActivity
ADDED from download\openIMDemo_src_1.9.7.2\AndroidManifest.xml:102:9-106:69
	android:screenOrientation
		ADDED from download\openIMDemo_src_1.9.7.2\AndroidManifest.xml:105:13-49
	android:configChanges
		ADDED from download\openIMDemo_src_1.9.7.2\AndroidManifest.xml:104:13-63
	android:theme
		ADDED from download\openIMDemo_src_1.9.7.2\AndroidManifest.xml:106:13-66
	android:name
		ADDED from download\openIMDemo_src_1.9.7.2\AndroidManifest.xml:103:13-77
activity#com.alibaba.mobileim.ui.atmessage.AtMsgListActivity
ADDED from download\openIMDemo_src_1.9.7.2\AndroidManifest.xml:108:9-113:69
	android:screenOrientation
		ADDED from download\openIMDemo_src_1.9.7.2\AndroidManifest.xml:112:13-49
	android:launchMode
		ADDED from download\openIMDemo_src_1.9.7.2\AndroidManifest.xml:111:13-44
	android:configChanges
		ADDED from download\openIMDemo_src_1.9.7.2\AndroidManifest.xml:110:13-63
	android:theme
		ADDED from download\openIMDemo_src_1.9.7.2\AndroidManifest.xml:113:13-66
	android:name
		ADDED from download\openIMDemo_src_1.9.7.2\AndroidManifest.xml:109:13-79
activity#com.alibaba.mobileim.ui.atmessage.SendAtMessageDetailActivity
ADDED from download\openIMDemo_src_1.9.7.2\AndroidManifest.xml:114:9-119:69
	android:screenOrientation
		ADDED from download\openIMDemo_src_1.9.7.2\AndroidManifest.xml:118:13-49
	android:launchMode
		ADDED from download\openIMDemo_src_1.9.7.2\AndroidManifest.xml:117:13-44
	android:configChanges
		ADDED from download\openIMDemo_src_1.9.7.2\AndroidManifest.xml:116:13-63
	android:theme
		ADDED from download\openIMDemo_src_1.9.7.2\AndroidManifest.xml:119:13-66
	android:name
		ADDED from download\openIMDemo_src_1.9.7.2\AndroidManifest.xml:115:13-89
activity#com.alibaba.mobileim.kit.chat.SelectTribeMemberActivity
ADDED from download\openIMDemo_src_1.9.7.2\AndroidManifest.xml:120:9-125:70
	android:screenOrientation
		ADDED from download\openIMDemo_src_1.9.7.2\AndroidManifest.xml:123:13-49
	android:windowSoftInputMode
		ADDED from download\openIMDemo_src_1.9.7.2\AndroidManifest.xml:125:13-67
	android:configChanges
		ADDED from download\openIMDemo_src_1.9.7.2\AndroidManifest.xml:122:13-63
	android:theme
		ADDED from download\openIMDemo_src_1.9.7.2\AndroidManifest.xml:124:13-66
	android:name
		ADDED from download\openIMDemo_src_1.9.7.2\AndroidManifest.xml:121:13-83
activity#com.taobao.openimui.test.TestActivity1
ADDED from download\openIMDemo_src_1.9.7.2\AndroidManifest.xml:126:9-75
	android:name
		ADDED from download\openIMDemo_src_1.9.7.2\AndroidManifest.xml:126:19-72
activity#com.taobao.openimui.test.TestActivity2
ADDED from download\openIMDemo_src_1.9.7.2\AndroidManifest.xml:127:9-75
	android:name
		ADDED from download\openIMDemo_src_1.9.7.2\AndroidManifest.xml:127:19-72
activity#com.taobao.openimui.tribe.TribeMembersActivity
ADDED from download\openIMDemo_src_1.9.7.2\AndroidManifest.xml:128:9-131:67
	android:screenOrientation
		ADDED from download\openIMDemo_src_1.9.7.2\AndroidManifest.xml:130:13-49
	android:theme
		ADDED from download\openIMDemo_src_1.9.7.2\AndroidManifest.xml:131:13-64
	android:name
		ADDED from download\openIMDemo_src_1.9.7.2\AndroidManifest.xml:129:13-74
activity#com.taobao.openimui.tribe.TribeInfoActivity
ADDED from download\openIMDemo_src_1.9.7.2\AndroidManifest.xml:132:9-135:67
	android:screenOrientation
		ADDED from download\openIMDemo_src_1.9.7.2\AndroidManifest.xml:134:13-49
	android:theme
		ADDED from download\openIMDemo_src_1.9.7.2\AndroidManifest.xml:135:13-64
	android:name
		ADDED from download\openIMDemo_src_1.9.7.2\AndroidManifest.xml:133:13-71
activity#com.taobao.openimui.tribe.SearchTribeActivity
ADDED from download\openIMDemo_src_1.9.7.2\AndroidManifest.xml:136:9-139:67
	android:screenOrientation
		ADDED from download\openIMDemo_src_1.9.7.2\AndroidManifest.xml:138:13-49
	android:theme
		ADDED from download\openIMDemo_src_1.9.7.2\AndroidManifest.xml:139:13-64
	android:name
		ADDED from download\openIMDemo_src_1.9.7.2\AndroidManifest.xml:137:13-73
activity#com.taobao.openimui.tribe.EditTribeInfoActivity
ADDED from download\openIMDemo_src_1.9.7.2\AndroidManifest.xml:140:9-144:57
	android:screenOrientation
		ADDED from download\openIMDemo_src_1.9.7.2\AndroidManifest.xml:142:13-49
	android:windowSoftInputMode
		ADDED from download\openIMDemo_src_1.9.7.2\AndroidManifest.xml:144:13-54
	android:theme
		ADDED from download\openIMDemo_src_1.9.7.2\AndroidManifest.xml:143:13-64
	android:name
		ADDED from download\openIMDemo_src_1.9.7.2\AndroidManifest.xml:141:13-75
activity#com.taobao.openimui.tribe.InviteTribeMemberActivity
ADDED from download\openIMDemo_src_1.9.7.2\AndroidManifest.xml:145:9-148:67
	android:screenOrientation
		ADDED from download\openIMDemo_src_1.9.7.2\AndroidManifest.xml:147:13-49
	android:theme
		ADDED from download\openIMDemo_src_1.9.7.2\AndroidManifest.xml:148:13-64
	android:name
		ADDED from download\openIMDemo_src_1.9.7.2\AndroidManifest.xml:146:13-79
activity#com.taobao.openimui.tribe.TribeSystemMessageActivity
ADDED from download\openIMDemo_src_1.9.7.2\AndroidManifest.xml:149:9-152:67
	android:screenOrientation
		ADDED from download\openIMDemo_src_1.9.7.2\AndroidManifest.xml:151:13-49
	android:theme
		ADDED from download\openIMDemo_src_1.9.7.2\AndroidManifest.xml:152:13-64
	android:name
		ADDED from download\openIMDemo_src_1.9.7.2\AndroidManifest.xml:150:13-80
activity#com.taobao.openimui.contact.ContactSystemMessageActivity
ADDED from download\openIMDemo_src_1.9.7.2\AndroidManifest.xml:153:9-155:67
	android:theme
		ADDED from download\openIMDemo_src_1.9.7.2\AndroidManifest.xml:155:13-64
	android:name
		ADDED from download\openIMDemo_src_1.9.7.2\AndroidManifest.xml:154:13-84
activity#com.taobao.openimui.contact.FindContactActivity
ADDED from download\openIMDemo_src_1.9.7.2\AndroidManifest.xml:156:9-158:67
	android:theme
		ADDED from download\openIMDemo_src_1.9.7.2\AndroidManifest.xml:158:13-64
	android:name
		ADDED from download\openIMDemo_src_1.9.7.2\AndroidManifest.xml:157:13-75
activity#com.taobao.openimui.tribe.EditMyTribeProfileActivity
ADDED from download\openIMDemo_src_1.9.7.2\AndroidManifest.xml:159:9-162:67
	android:screenOrientation
		ADDED from download\openIMDemo_src_1.9.7.2\AndroidManifest.xml:161:13-49
	android:theme
		ADDED from download\openIMDemo_src_1.9.7.2\AndroidManifest.xml:162:13-64
	android:name
		ADDED from download\openIMDemo_src_1.9.7.2\AndroidManifest.xml:160:13-80
activity#com.taobao.openimui.sample.SelectContactToSendCardActivity
ADDED from download\openIMDemo_src_1.9.7.2\AndroidManifest.xml:163:9-166:67
	android:screenOrientation
		ADDED from download\openIMDemo_src_1.9.7.2\AndroidManifest.xml:165:13-49
	android:theme
		ADDED from download\openIMDemo_src_1.9.7.2\AndroidManifest.xml:166:13-64
	android:name
		ADDED from download\openIMDemo_src_1.9.7.2\AndroidManifest.xml:164:13-86
activity#com.taobao.openimui.tribe.TribePersonalSettingActivity
ADDED from download\openIMDemo_src_1.9.7.2\AndroidManifest.xml:167:9-170:67
	android:screenOrientation
		ADDED from download\openIMDemo_src_1.9.7.2\AndroidManifest.xml:169:13-49
	android:theme
		ADDED from download\openIMDemo_src_1.9.7.2\AndroidManifest.xml:170:13-64
	android:name
		ADDED from download\openIMDemo_src_1.9.7.2\AndroidManifest.xml:168:13-82
activity#com.taobao.openimui.sample.ContactSettingActivity
ADDED from download\openIMDemo_src_1.9.7.2\AndroidManifest.xml:171:9-175:67
	android:screenOrientation
		ADDED from download\openIMDemo_src_1.9.7.2\AndroidManifest.xml:174:13-49
	android:label
		ADDED from download\openIMDemo_src_1.9.7.2\AndroidManifest.xml:173:13-67
	android:theme
		ADDED from download\openIMDemo_src_1.9.7.2\AndroidManifest.xml:175:13-64
	android:name
		ADDED from download\openIMDemo_src_1.9.7.2\AndroidManifest.xml:172:13-77
activity#com.taobao.openimui.sample.TribeMsgRecTypeSetActivity
ADDED from download\openIMDemo_src_1.9.7.2\AndroidManifest.xml:176:9-180:67
	android:screenOrientation
		ADDED from download\openIMDemo_src_1.9.7.2\AndroidManifest.xml:179:13-49
	android:label
		ADDED from download\openIMDemo_src_1.9.7.2\AndroidManifest.xml:178:13-74
	android:theme
		ADDED from download\openIMDemo_src_1.9.7.2\AndroidManifest.xml:180:13-64
	android:name
		ADDED from download\openIMDemo_src_1.9.7.2\AndroidManifest.xml:177:13-81
activity#com.alibaba.mobileim.kit.imageviewer.ShowImageActivity
ADDED from download\openIMDemo_src_1.9.7.2\AndroidManifest.xml:181:9-187:55
	android:screenOrientation
		ADDED from download\openIMDemo_src_1.9.7.2\AndroidManifest.xml:185:13-49
	android:hardwareAccelerated
		ADDED from download\openIMDemo_src_1.9.7.2\AndroidManifest.xml:183:13-48
	android:launchMode
		ADDED from download\openIMDemo_src_1.9.7.2\AndroidManifest.xml:184:13-43
	android:windowSoftInputMode
		ADDED from download\openIMDemo_src_1.9.7.2\AndroidManifest.xml:187:13-52
	android:theme
		ADDED from download\openIMDemo_src_1.9.7.2\AndroidManifest.xml:186:13-64
	android:name
		ADDED from download\openIMDemo_src_1.9.7.2\AndroidManifest.xml:182:13-82
activity#com.alibaba.mobileim.ui.FeedbackActvity
ADDED from download\openIMDemo_src_1.9.7.2\AndroidManifest.xml:188:9-194:70
	android:screenOrientation
		ADDED from download\openIMDemo_src_1.9.7.2\AndroidManifest.xml:192:13-49
	android:launchMode
		ADDED from download\openIMDemo_src_1.9.7.2\AndroidManifest.xml:191:13-43
	android:windowSoftInputMode
		ADDED from download\openIMDemo_src_1.9.7.2\AndroidManifest.xml:194:13-67
	android:configChanges
		ADDED from download\openIMDemo_src_1.9.7.2\AndroidManifest.xml:190:13-63
	android:theme
		ADDED from download\openIMDemo_src_1.9.7.2\AndroidManifest.xml:193:13-59
	android:name
		ADDED from download\openIMDemo_src_1.9.7.2\AndroidManifest.xml:189:13-67
activity#com.alibaba.mobileim.kit.CloudPwdSettingHintActivity
ADDED from download\openIMDemo_src_1.9.7.2\AndroidManifest.xml:195:9-200:69
	android:screenOrientation
		ADDED from download\openIMDemo_src_1.9.7.2\AndroidManifest.xml:199:13-49
	android:launchMode
		ADDED from download\openIMDemo_src_1.9.7.2\AndroidManifest.xml:198:13-43
	android:configChanges
		ADDED from download\openIMDemo_src_1.9.7.2\AndroidManifest.xml:197:13-63
	android:theme
		ADDED from download\openIMDemo_src_1.9.7.2\AndroidManifest.xml:200:13-66
	android:name
		ADDED from download\openIMDemo_src_1.9.7.2\AndroidManifest.xml:196:13-80
activity#com.alibaba.mobileim.login.WaitProgresssActivity
ADDED from download\openIMDemo_src_1.9.7.2\AndroidManifest.xml:201:9-85
	android:name
		ADDED from download\openIMDemo_src_1.9.7.2\AndroidManifest.xml:201:19-82
activity#com.alibaba.mobileim.kit.chat.EnlargeChattingTextActivity
ADDED from download\openIMDemo_src_1.9.7.2\AndroidManifest.xml:202:9-206:70
	android:windowSoftInputMode
		ADDED from download\openIMDemo_src_1.9.7.2\AndroidManifest.xml:206:13-67
	android:configChanges
		ADDED from download\openIMDemo_src_1.9.7.2\AndroidManifest.xml:204:13-63
	android:theme
		ADDED from download\openIMDemo_src_1.9.7.2\AndroidManifest.xml:205:13-71
	android:name
		ADDED from download\openIMDemo_src_1.9.7.2\AndroidManifest.xml:203:13-85
activity#com.alibaba.tcms.service.MonitorActivity
ADDED from download\openIMDemo_src_1.9.7.2\AndroidManifest.xml:207:9-212:64
	android:process
		ADDED from download\openIMDemo_src_1.9.7.2\AndroidManifest.xml:211:13-43
	android:launchMode
		ADDED from download\openIMDemo_src_1.9.7.2\AndroidManifest.xml:210:13-48
	android:exported
		ADDED from download\openIMDemo_src_1.9.7.2\AndroidManifest.xml:209:13-36
	android:theme
		ADDED from download\openIMDemo_src_1.9.7.2\AndroidManifest.xml:212:13-61
	android:name
		ADDED from download\openIMDemo_src_1.9.7.2\AndroidManifest.xml:208:13-68
activity#com.alibaba.wxlib.util.RequestPermissionActivity
ADDED from download\openIMDemo_src_1.9.7.2\AndroidManifest.xml:213:9-215:62
	android:theme
		ADDED from download\openIMDemo_src_1.9.7.2\AndroidManifest.xml:215:13-59
	android:name
		ADDED from download\openIMDemo_src_1.9.7.2\AndroidManifest.xml:214:13-76